<?xml version="1.0" encoding="UTF-8"?>
<testsuite name="Scenario: client makes call to GET /version" tests="4" skipped="0" failures="0" errors="0" timestamp="2015-08-12T14:04:01" hostname="Loki-MacAir.local" time="0.004">
  <properties/>
  <testcase name="When the client calls /version" classname="Scenario: client makes call to GET /version" time="0.0"/>
  <testcase name="Then the client receives status code of 200" classname="Scenario: client makes call to GET /version" time="0.0"/>
  <testcase name="And the client receives server version 1.0" classname="Scenario: client makes call to GET /version" time="0.0"/>
  <testcase name="classMethod" classname="Scenario: client makes call to GET /version" time="0.076"/>
  <system-out><![CDATA[2015-08-12 22:04:01.146  INFO 1613 --- [    Test worker] WebAppIntegrationTestContextBootstrapper : Loaded default TestExecutionListener class names from location [META-INF/spring.factories]: [org.springframework.test.context.web.ServletTestExecutionListener, org.springframework.test.context.support.DependencyInjectionTestExecutionListener, org.springframework.test.context.support.DirtiesContextTestExecutionListener, org.springframework.test.context.transaction.TransactionalTestExecutionListener, org.springframework.test.context.jdbc.SqlScriptsTestExecutionListener]
2015-08-12 22:04:01.151  INFO 1613 --- [    Test worker] WebAppIntegrationTestContextBootstrapper : Could not instantiate TestExecutionListener [org.springframework.test.context.jdbc.SqlScriptsTestExecutionListener]. Specify custom listener classes or make the default listener classes (and their required dependencies) available. Offending class: [org/springframework/transaction/interceptor/TransactionAttribute]
2015-08-12 22:04:01.164  INFO 1613 --- [    Test worker] WebAppIntegrationTestContextBootstrapper : Could not instantiate TestExecutionListener [org.springframework.test.context.transaction.TransactionalTestExecutionListener]. Specify custom listener classes or make the default listener classes (and their required dependencies) available. Offending class: [org/springframework/transaction/interceptor/TransactionAttributeSource]
2015-08-12 22:04:01.165  INFO 1613 --- [    Test worker] WebAppIntegrationTestContextBootstrapper : Using TestExecutionListeners: [org.springframework.test.context.web.ServletTestExecutionListener@2ec75836, org.springframework.test.context.support.DependencyInjectionTestExecutionListener@20405985, org.springframework.test.context.support.DirtiesContextTestExecutionListener@15fbc31a]
2015-08-12 22:04:01.167  INFO 1613 --- [    Test worker] o.s.b.f.s.DefaultListableBeanFactory     : Replacing scope 'cucumber-glue' from [cucumber.runtime.java.spring.GlueCodeScope@5767523c] to [cucumber.runtime.java.spring.GlueCodeScope@4375a60e]
]]></system-out>
  <system-err><![CDATA[]]></system-err>
</testsuite>
