<?xml version="1.0" encoding="UTF-8"?>
<testsuite name="Scenario: client makes call to GET /poop" tests="4" skipped="0" failures="0" errors="0" timestamp="2015-08-12T14:04:01" hostname="Loki-MacAir.local" time="0.064">
  <properties/>
  <testcase name="When the client calls /poop" classname="Scenario: client makes call to GET /poop" time="0.005"/>
  <testcase name="Then the client receives status code of 200" classname="Scenario: client makes call to GET /poop" time="0.0"/>
  <testcase name="And the client receives server version poop" classname="Scenario: client makes call to GET /poop" time="0.0"/>
  <testcase name="classMethod" classname="Scenario: client makes call to GET /poop" time="13.811"/>
  <system-out><![CDATA[22:03:47.707 [Test worker] DEBUG o.s.test.context.BootstrapUtils - Instantiating TestContextBootstrapper from class [org.springframework.boot.test.WebAppIntegrationTestContextBootstrapper]
22:03:47.788 [Test worker] DEBUG o.s.b.t.WebAppIntegrationTestContextBootstrapper - Found explicit ContextLoader class [org.springframework.boot.test.SpringApplicationContextLoader] for context configuration attributes [ContextConfigurationAttributes@3bfc809 declaringClass = 'demo.steps.AbstractDefs', classes = '{class demo.DemoApplication}', locations = '{}', inheritLocations = true, initializers = '{}', inheritInitializers = true, name = [null], contextLoaderClass = 'org.springframework.boot.test.SpringApplicationContextLoader']
22:03:47.813 [Test worker] DEBUG o.s.t.c.support.ActiveProfilesUtils - Could not find an 'annotation declaring class' for annotation type [org.springframework.test.context.ActiveProfiles] and class [demo.steps.OtherDefs]
22:03:47.831 [Test worker] DEBUG o.s.test.util.ReflectionTestUtils - Setting field [propertySourceProperties] of type [null] on target [[WebMergedContextConfiguration@59c63f87 testClass = OtherDefs, locations = '{}', classes = '{class demo.DemoApplication}', contextInitializerClasses = '[]', activeProfiles = '{}', propertySourceLocations = '{}', propertySourceProperties = '{}', resourceBasePath = '', contextLoader = 'org.springframework.boot.test.SpringApplicationContextLoader', parent = [null]]] to value [[Ljava.lang.String;@12735b56]
22:03:47.833 [Test worker] DEBUG o.s.b.t.WebAppIntegrationTestContextBootstrapper - @TestExecutionListeners is not present for class [demo.steps.OtherDefs]: using defaults.
22:03:47.890 [Test worker] INFO  o.s.b.t.WebAppIntegrationTestContextBootstrapper - Loaded default TestExecutionListener class names from location [META-INF/spring.factories]: [org.springframework.test.context.web.ServletTestExecutionListener, org.springframework.test.context.support.DependencyInjectionTestExecutionListener, org.springframework.test.context.support.DirtiesContextTestExecutionListener, org.springframework.test.context.transaction.TransactionalTestExecutionListener, org.springframework.test.context.jdbc.SqlScriptsTestExecutionListener]
22:03:47.915 [Test worker] INFO  o.s.b.t.WebAppIntegrationTestContextBootstrapper - Could not instantiate TestExecutionListener [org.springframework.test.context.jdbc.SqlScriptsTestExecutionListener]. Specify custom listener classes or make the default listener classes (and their required dependencies) available. Offending class: [org/springframework/transaction/interceptor/TransactionAttribute]
22:03:47.915 [Test worker] INFO  o.s.b.t.WebAppIntegrationTestContextBootstrapper - Could not instantiate TestExecutionListener [org.springframework.test.context.transaction.TransactionalTestExecutionListener]. Specify custom listener classes or make the default listener classes (and their required dependencies) available. Offending class: [org/springframework/transaction/interceptor/TransactionAttributeSource]
22:03:47.938 [Test worker] INFO  o.s.b.t.WebAppIntegrationTestContextBootstrapper - Using TestExecutionListeners: [org.springframework.test.context.web.ServletTestExecutionListener@1580909b, org.springframework.test.context.support.DependencyInjectionTestExecutionListener@69753ef4, org.springframework.test.context.support.DirtiesContextTestExecutionListener@57d89d9c]
22:03:48.222 [Test worker] DEBUG o.s.core.env.StandardEnvironment - Adding [systemProperties] PropertySource with lowest search precedence
22:03:48.225 [Test worker] DEBUG o.s.core.env.StandardEnvironment - Adding [systemEnvironment] PropertySource with lowest search precedence
22:03:48.238 [Test worker] DEBUG o.s.core.env.StandardEnvironment - Initialized StandardEnvironment with PropertySources [systemProperties,systemEnvironment]
22:03:48.250 [Test worker] DEBUG o.s.core.env.StandardEnvironment - Adding [integrationTest] PropertySource with search precedence immediately lower than [systemEnvironment]

  .   ____          _            __ _ _
 /\\ / ___'_ __ _ _(_)_ __  __ _ \ \ \ \
( ( )\___ | '_ | '_| | '_ \/ _` | \ \ \ \
 \\/  ___)| |_)| | | | | || (_| |  ) ) ) )
  '  |____| .__|_| |_|_| |_\__, | / / / /
 =========|_|==============|___/=/_/_/_/
 :: Spring Boot ::        (v1.2.4.RELEASE)

2015-08-12 22:03:49.221  INFO 1613 --- [    Test worker] demo.steps.OtherDefs                     : Starting OtherDefs on Loki-MacAir.local with PID 1613 (/Users/loki/research/spring-boot-cucumber-example-1/build/classes/test started by loki in /Users/loki/research/spring-boot-cucumber-example-1)
2015-08-12 22:03:49.332  INFO 1613 --- [    Test worker] ationConfigEmbeddedWebApplicationContext : Refreshing org.springframework.boot.context.embedded.AnnotationConfigEmbeddedWebApplicationContext@4f51e32f: startup date [Wed Aug 12 22:03:49 CST 2015]; root of context hierarchy
2015-08-12 22:03:50.688  INFO 1613 --- [    Test worker] o.s.b.f.s.DefaultListableBeanFactory     : Overriding bean definition for bean 'beanNameViewResolver': replacing [Root bean: class [null]; scope=; abstract=false; lazyInit=false; autowireMode=3; dependencyCheck=0; autowireCandidate=true; primary=false; factoryBeanName=org.springframework.boot.autoconfigure.web.ErrorMvcAutoConfiguration$WhitelabelErrorViewConfiguration; factoryMethodName=beanNameViewResolver; initMethodName=null; destroyMethodName=(inferred); defined in class path resource [org/springframework/boot/autoconfigure/web/ErrorMvcAutoConfiguration$WhitelabelErrorViewConfiguration.class]] with [Root bean: class [null]; scope=; abstract=false; lazyInit=false; autowireMode=3; dependencyCheck=0; autowireCandidate=true; primary=false; factoryBeanName=org.springframework.boot.autoconfigure.web.WebMvcAutoConfiguration$WebMvcAutoConfigurationAdapter; factoryMethodName=beanNameViewResolver; initMethodName=null; destroyMethodName=(inferred); defined in class path resource [org/springframework/boot/autoconfigure/web/WebMvcAutoConfiguration$WebMvcAutoConfigurationAdapter.class]]
2015-08-12 22:03:52.540  INFO 1613 --- [    Test worker] s.b.c.e.t.TomcatEmbeddedServletContainer : Tomcat initialized with port(s): 8080 (http)
2015-08-12 22:03:53.140  INFO 1613 --- [    Test worker] o.apache.catalina.core.StandardService   : Starting service Tomcat
2015-08-12 22:03:53.160  INFO 1613 --- [    Test worker] org.apache.catalina.core.StandardEngine  : Starting Servlet Engine: Apache Tomcat/8.0.23
2015-08-12 22:03:54.712  INFO 1613 --- [ost-startStop-1] o.a.c.c.C.[Tomcat].[localhost].[/]       : Initializing Spring embedded WebApplicationContext
2015-08-12 22:03:54.714  INFO 1613 --- [ost-startStop-1] o.s.web.context.ContextLoader            : Root WebApplicationContext: initialization completed in 5387 ms
2015-08-12 22:03:57.125  INFO 1613 --- [ost-startStop-1] o.s.b.c.e.ServletRegistrationBean        : Mapping servlet: 'dispatcherServlet' to [/]
2015-08-12 22:03:57.145  INFO 1613 --- [ost-startStop-1] o.s.b.c.embedded.FilterRegistrationBean  : Mapping filter: 'characterEncodingFilter' to: [/*]
2015-08-12 22:03:57.146  INFO 1613 --- [ost-startStop-1] o.s.b.c.embedded.FilterRegistrationBean  : Mapping filter: 'hiddenHttpMethodFilter' to: [/*]
2015-08-12 22:03:58.593  INFO 1613 --- [    Test worker] s.w.s.m.m.a.RequestMappingHandlerAdapter : Looking for @ControllerAdvice: org.springframework.boot.context.embedded.AnnotationConfigEmbeddedWebApplicationContext@4f51e32f: startup date [Wed Aug 12 22:03:49 CST 2015]; root of context hierarchy
2015-08-12 22:03:58.766  INFO 1613 --- [    Test worker] s.w.s.m.m.a.RequestMappingHandlerMapping : Mapped "{[/poop],methods=[GET],params=[],headers=[],consumes=[],produces=[],custom=[]}" onto public java.lang.String demo.PoopController.getVersion(javax.servlet.http.HttpServletResponse)
2015-08-12 22:03:58.768  INFO 1613 --- [    Test worker] s.w.s.m.m.a.RequestMappingHandlerMapping : Mapped "{[/version],methods=[GET],params=[],headers=[],consumes=[],produces=[],custom=[]}" onto public java.lang.String demo.VersionController.getVersion(javax.servlet.http.HttpServletResponse)
2015-08-12 22:03:58.785  INFO 1613 --- [    Test worker] s.w.s.m.m.a.RequestMappingHandlerMapping : Mapped "{[/error],methods=[],params=[],headers=[],consumes=[],produces=[],custom=[]}" onto public org.springframework.http.ResponseEntity<java.util.Map<java.lang.String, java.lang.Object>> org.springframework.boot.autoconfigure.web.BasicErrorController.error(javax.servlet.http.HttpServletRequest)
2015-08-12 22:03:58.795  INFO 1613 --- [    Test worker] s.w.s.m.m.a.RequestMappingHandlerMapping : Mapped "{[/error],methods=[],params=[],headers=[],consumes=[],produces=[text/html],custom=[]}" onto public org.springframework.web.servlet.ModelAndView org.springframework.boot.autoconfigure.web.BasicErrorController.errorHtml(javax.servlet.http.HttpServletRequest)
2015-08-12 22:03:58.909  INFO 1613 --- [    Test worker] o.s.w.s.handler.SimpleUrlHandlerMapping  : Mapped URL path [/webjars/**] onto handler of type [class org.springframework.web.servlet.resource.ResourceHttpRequestHandler]
2015-08-12 22:03:58.909  INFO 1613 --- [    Test worker] o.s.w.s.handler.SimpleUrlHandlerMapping  : Mapped URL path [/**] onto handler of type [class org.springframework.web.servlet.resource.ResourceHttpRequestHandler]
2015-08-12 22:03:59.042  INFO 1613 --- [    Test worker] o.s.w.s.handler.SimpleUrlHandlerMapping  : Mapped URL path [/**/favicon.ico] onto handler of type [class org.springframework.web.servlet.resource.ResourceHttpRequestHandler]
2015-08-12 22:03:59.298  INFO 1613 --- [    Test worker] s.b.c.e.t.TomcatEmbeddedServletContainer : Tomcat started on port(s): 8080 (http)
2015-08-12 22:03:59.380  INFO 1613 --- [    Test worker] demo.steps.OtherDefs                     : Started OtherDefs in 11.097 seconds (JVM running for 17.035)
2015-08-12 22:04:00.757  INFO 1613 --- [nio-8080-exec-1] o.a.c.c.C.[Tomcat].[localhost].[/]       : Initializing Spring FrameworkServlet 'dispatcherServlet'
2015-08-12 22:04:00.809  INFO 1613 --- [nio-8080-exec-1] o.s.web.servlet.DispatcherServlet        : FrameworkServlet 'dispatcherServlet': initialization started
2015-08-12 22:04:00.860  INFO 1613 --- [nio-8080-exec-1] o.s.web.servlet.DispatcherServlet        : FrameworkServlet 'dispatcherServlet': initialization completed in 40 ms
]]></system-out>
  <system-err><![CDATA[]]></system-err>
</testsuite>
